

Implementation tool: Xilinx Vivado v.2022.1
Project:             hls_gemm_p2
Solution:            solution1
Device target:       xc7z020-clg400-1
Report date:         Sat Mar 02 22:03:24 MST 2024

#=== Post-Implementation Resource usage ===
SLICE:           94
LUT:            254
FF:             214
DSP:             16
BRAM:             0
URAM:             0
LATCH:            0
SRL:              0
CLB:              0

#=== Final timing ===
CP required:                     10.000
CP achieved post-synthesis:      6.594
CP achieved post-implementation: 6.798
Timing met
